<?xml version="1.0" encoding="UTF-8"?>
<!-- Generated by org.testng.reporters.JUnitReportReporter -->
<testsuite hostname="LAPTOP-OQBK3O27" failures="0" tests="1" name="com.vtiger.product.test.CreateProductTest" time="23.541" errors="0" timestamp="31 May 2022 10:14:37 GMT" skipped="0">
  <testcase classname="com.vtiger.product.test.CreateProductTest" name="createProdcutName" time="23.541"/>
</testsuite> <!-- com.vtiger.product.test.CreateProductTest -->
